<?xml version="1.0" encoding="UTF-8"?>
<testsuite name="com.example.demo.controller.TaskControllerTest" tests="1" skipped="0" failures="0" errors="0" timestamp="2021-02-23T04:57:01" hostname="LAPTOP-9Q4DHNGT" time="0.811">
  <properties/>
  <testcase name="whenServiceFailsThenTaskOutputResourceHasErrorMessage()" classname="com.example.demo.controller.TaskControllerTest" time="0.811"/>
  <system-out><![CDATA[]]></system-out>
  <system-err><![CDATA[]]></system-err>
</testsuite>
